<?xml version="1.0" encoding="UTF-8"?>
<testng-results ignored="0" total="1" passed="1" failed="0" skipped="0">
  <reporter-output>
  </reporter-output>
  <suite started-at="2025-04-25T16:46:07 IST" name="Default suite" finished-at="2025-04-25T16:46:39 IST" duration-ms="31814">
    <groups>
    </groups>
    <test started-at="2025-04-25T16:46:07 IST" name="Default test" finished-at="2025-04-25T16:46:39 IST" duration-ms="31814">
      <class name="TestClass.GuruTelecom_Test">
        <test-method is-config="true" signature="loginbrowser()[pri:0, instance:TestClass.GuruTelecom_Test@5c5eefef]" started-at="2025-04-25T16:46:07 IST" name="loginbrowser" finished-at="2025-04-25T16:46:11 IST" duration-ms="4252" status="PASS">
          <reporter-output>
          </reporter-output>
        </test-method> <!-- loginbrowser -->
        <test-method is-config="true" signature="gurutelecompage()[pri:0, instance:TestClass.GuruTelecom_Test@5c5eefef]" started-at="2025-04-25T16:46:11 IST" name="gurutelecompage" finished-at="2025-04-25T16:46:35 IST" duration-ms="23836" status="PASS">
          <reporter-output>
          </reporter-output>
        </test-method> <!-- gurutelecompage -->
        <test-method signature="verifiedid()[pri:0, instance:TestClass.GuruTelecom_Test@5c5eefef]" started-at="2025-04-25T16:46:35 IST" name="verifiedid" finished-at="2025-04-25T16:46:36 IST" duration-ms="1498" status="PASS">
          <reporter-output>
          </reporter-output>
        </test-method> <!-- verifiedid -->
        <test-method is-config="true" signature="logoutapp(org.testng.ITestResult)[pri:0, instance:TestClass.GuruTelecom_Test@5c5eefef]" started-at="2025-04-25T16:46:36 IST" name="logoutapp" finished-at="2025-04-25T16:46:36 IST" duration-ms="5" status="PASS">
          <params>
            <param index="0">
              <value>
                <![CDATA[[TestResult name=verifiedid status=SUCCESS method=GuruTelecom_Test.verifiedid()[pri:0, instance:TestClass.GuruTelecom_Test@5c5eefef] output={null}]]]>
              </value>
            </param>
          </params>
          <reporter-output>
          </reporter-output>
        </test-method> <!-- logoutapp -->
        <test-method is-config="true" signature="logoutbrowser()[pri:0, instance:TestClass.GuruTelecom_Test@5c5eefef]" started-at="2025-04-25T16:46:36 IST" name="logoutbrowser" finished-at="2025-04-25T16:46:39 IST" duration-ms="2181" status="PASS">
          <reporter-output>
          </reporter-output>
        </test-method> <!-- logoutbrowser -->
      </class> <!-- TestClass.GuruTelecom_Test -->
    </test> <!-- Default test -->
  </suite> <!-- Default suite -->
</testng-results>
